<?xml version="1.0" encoding="UTF-8"?>
<!-- Generated by org.testng.reporters.JUnitXMLReporter -->
<testsuite hostname="LAPTOP-4K3HAHDR" name="Test" tests="5" failures="0" timestamp="28 Mar 2017 05:45:24 GMT" time="2.685" errors="0">
  <testcase name="testBreadCrumbs" time="1.397" classname="com.training.test.LoginPageTest"/>
  <testcase name="testLogin" time="0.24" classname="com.training.test.LoginPageTest"/>
  <testcase name="testLogin" time="0.122" classname="com.training.test.LoginPageTest"/>
  <testcase name="testLogin" time="0.129" classname="com.training.test.LoginPageTest"/>
  <testcase name="testLogin" time="0.12" classname="com.training.test.LoginPageTest"/>
</testsuite> <!-- Test -->
