<?xml version="1.0" encoding="UTF-8"?>
<!-- Generated by org.testng.reporters.JUnitXMLReporter -->
<testsuite hostname="LAPTOP-4K3HAHDR" name="Test" tests="5" failures="0" timestamp="28 Mar 2017 05:30:20 GMT" time="8.231" errors="0">
  <testcase name="testDemoClick" time="2.966" classname="com.training.test.HomePageTest"/>
  <testcase name="testFaqClick" time="1.381" classname="com.training.test.HomePageTest"/>
  <testcase name="testLoginClick" time="1.228" classname="com.training.test.HomePageTest"/>
  <testcase name="testResourcesClick" time="2.5" classname="com.training.test.HomePageTest"/>
  <testcase name="testVideoElement" time="0.091" classname="com.training.test.HomePageTest"/>
</testsuite> <!-- Test -->
