<?xml version="1.0" encoding="UTF-8"?>
<!-- Generated by org.testng.reporters.JUnitXMLReporter -->
<testsuite hostname="LAPTOP-4K3HAHDR" name="Test" tests="5" failures="0" timestamp="28 Mar 2017 05:45:14 GMT" time="8.367" errors="0">
  <testcase name="testDemoClick" time="3.126" classname="com.training.test.HomePageTest"/>
  <testcase name="testFaqClick" time="1.396" classname="com.training.test.HomePageTest"/>
  <testcase name="testLoginClick" time="1.251" classname="com.training.test.HomePageTest"/>
  <testcase name="testResourcesClick" time="2.272" classname="com.training.test.HomePageTest"/>
  <testcase name="testVideoElement" time="0.088" classname="com.training.test.HomePageTest"/>
</testsuite> <!-- Test -->
